Arguments: 
  /usr/local/bin/node /Users/krobinson/.yarn/bin/yarn.js add @tensorflow/tfjs

PATH: 
  ~/google-cloud-sdk/bin:/Users/krobinson/anaconda3/bin:/Users/krobinson/.rbenv/shims:~/bin:./bin:/Users/krobinson/.yarn/bin:/usr/local/bin:/usr/local/opt/openssl@1.1/bin://anaconda/bin:/Users/krobinson/anaconda/bin:/usr/local/heroku/bin:/Applications/sbt/bin:/Users/krobinson/.yarn/bin:/Users/krobinson/.config/yarn/global/node_modules/.bin:/usr/bin:/bin:/usr/sbin:/sbin:/usr/local/bin:/usr/local/go/bin:/Applications/Wireshark.app/Contents/MacOS:/usr/local/git/bin

Yarn version: 
  1.19.0

Node version: 
  12.13.0

Platform: 
  darwin x64

Trace: 
  SyntaxError: /Users/krobinson/Documents/github/kevinrobinson/inspectable-machine/package.json: Unexpected token : in JSON at position 20
      at JSON.parse (<anonymous>)
      at /Users/krobinson/.yarn/lib/cli.js:1625:59
      at Generator.next (<anonymous>)
      at step (/Users/krobinson/.yarn/lib/cli.js:304:30)
      at /Users/krobinson/.yarn/lib/cli.js:315:13

npm manifest: 
  "devDependencies": {
      "rollup": "^1.27.0"
    }
  }

yarn manifest: 
  No manifest

Lockfile: 
  # THIS IS AN AUTOGENERATED FILE. DO NOT EDIT THIS FILE DIRECTLY.
  # yarn lockfile v1
  
  
  "@types/estree@*":
    version "0.0.39"
    resolved "https://registry.yarnpkg.com/@types/estree/-/estree-0.0.39.tgz#e177e699ee1b8c22d23174caaa7422644389509f"
    integrity sha512-EYNwp3bU+98cpU4lAWYYL7Zz+2gryWH1qbdDTidVd6hkiR6weksdbMadyXKXNPEkQFhXM+hVO9ZygomHXp+AIw==
  
  "@types/node@*":
    version "12.12.7"
    resolved "https://registry.yarnpkg.com/@types/node/-/node-12.12.7.tgz#01e4ea724d9e3bd50d90c11fd5980ba317d8fa11"
    integrity sha512-E6Zn0rffhgd130zbCbAr/JdXfXkoOUFAKNs/rF8qnafSJ8KYaA/j3oz7dcwal+lYjLA7xvdd5J4wdYpCTlP8+w==
  
  acorn@^7.1.0:
    version "7.1.0"
    resolved "https://registry.yarnpkg.com/acorn/-/acorn-7.1.0.tgz#949d36f2c292535da602283586c2477c57eb2d6c"
    integrity sha512-kL5CuoXA/dgxlBbVrflsflzQ3PAas7RYZB52NOm/6839iVYJgKMJ3cQJD+t2i5+qFa8h3MDpEOJiS64E8JLnSQ==
  
  rollup@^1.27.0:
    version "1.27.0"
    resolved "https://registry.yarnpkg.com/rollup/-/rollup-1.27.0.tgz#7afe0da89c967cec5ccea7e919da6c89a1a68666"
    integrity sha512-yaMna4MJ8LLEHhHl1ilgHakylf0LKeQctDxhngZLQ+W57GnXa5vtH7XKaK8zlAhNEhlWiH5YFVFt+QCDPUmNkw==
    dependencies:
      "@types/estree" "*"
      "@types/node" "*"
      acorn "^7.1.0"
